<?xml version="1.0" encoding="UTF-8"?>
<testng-results ignored="0" total="1" passed="1" failed="0" skipped="0">
  <reporter-output>
  </reporter-output>
  <suite started-at="2024-05-20T15:42:09 IST" name="Default Suite" finished-at="2024-05-20T15:42:48 IST" duration-ms="39805">
    <groups>
    </groups>
    <test started-at="2024-05-20T15:42:09 IST" name="BimaBharosaPortal" finished-at="2024-05-20T15:42:48 IST" duration-ms="39805">
      <class name="ComplaintRegistrationModule.Test_URLCaseSensitive_Negative">
        <test-method is-config="true" signature="reportSetup()[pri:0, instance:ComplaintRegistrationModule.Test_URLCaseSensitive_Negative@7e3181aa]" started-at="2024-05-20T15:42:08 IST" name="reportSetup" finished-at="2024-05-20T15:42:09 IST" duration-ms="221" status="PASS">
          <reporter-output>
          </reporter-output>
        </test-method> <!-- reportSetup -->
        <test-method is-config="true" signature="setup()[pri:0, instance:ComplaintRegistrationModule.Test_URLCaseSensitive_Negative@7e3181aa]" started-at="2024-05-20T15:42:09 IST" name="setup" finished-at="2024-05-20T15:42:38 IST" duration-ms="29067" status="PASS">
          <reporter-output>
          </reporter-output>
        </test-method> <!-- setup -->
        <test-method signature="test_caseSensitiveURL()[pri:0, instance:ComplaintRegistrationModule.Test_URLCaseSensitive_Negative@7e3181aa]" started-at="2024-05-20T15:42:38 IST" name="test_caseSensitiveURL" finished-at="2024-05-20T15:42:42 IST" duration-ms="4299" status="PASS">
          <reporter-output>
          </reporter-output>
        </test-method> <!-- test_caseSensitiveURL -->
        <test-method is-config="true" signature="teardown()[pri:0, instance:ComplaintRegistrationModule.Test_URLCaseSensitive_Negative@7e3181aa]" started-at="2024-05-20T15:42:42 IST" name="teardown" finished-at="2024-05-20T15:42:48 IST" duration-ms="6407" status="PASS">
          <reporter-output>
          </reporter-output>
        </test-method> <!-- teardown -->
        <test-method is-config="true" signature="afterFailedTestMethod(org.testng.ITestResult)[pri:0, instance:ComplaintRegistrationModule.Test_URLCaseSensitive_Negative@7e3181aa]" started-at="2024-05-20T15:42:42 IST" name="afterFailedTestMethod" finished-at="2024-05-20T15:42:42 IST" duration-ms="0" status="PASS">
          <params>
            <param index="0">
              <value>
                <![CDATA[[TestResult name=test_caseSensitiveURL status=SUCCESS method=Test_URLCaseSensitive_Negative.test_caseSensitiveURL()[pri:0, instance:ComplaintRegistrationModule.Test_URLCaseSensitive_Negative@7e3181aa] output={null}]]]>
              </value>
            </param>
          </params>
          <reporter-output>
          </reporter-output>
        </test-method> <!-- afterFailedTestMethod -->
        <test-method is-config="true" signature="reportTearDown()[pri:0, instance:ComplaintRegistrationModule.Test_URLCaseSensitive_Negative@7e3181aa]" started-at="2024-05-20T15:42:48 IST" name="reportTearDown" finished-at="2024-05-20T15:42:49 IST" duration-ms="740" status="PASS">
          <reporter-output>
          </reporter-output>
        </test-method> <!-- reportTearDown -->
      </class> <!-- ComplaintRegistrationModule.Test_URLCaseSensitive_Negative -->
    </test> <!-- BimaBharosaPortal -->
  </suite> <!-- Default Suite -->
</testng-results>
